RUN	simulation.AddToCart	addtocart	1690806249851	 	3.6.1
USER	add items to cart	START	1690806251264
REQUEST	homepage	Add items to cart	1690806251283	1690806253810	OK	 
GROUP	homepage	1690806251267	1690806258796	2527	OK
REQUEST	tables	tables page	1690806258799	1690806258880	OK	 
GROUP	tables	1690806258797	1690806263459	81	OK
REQUEST	table_selection	click on a table	1690806263460	1690806263535	OK	 
GROUP	table_selection	1690806263460	1690806266115	75	OK
REQUEST	add_table_to_cart	add table to cart	1690806266120	1690806266170	OK	 
GROUP	add_table_to_cart	1690806266115	1690806269462	50	OK
REQUEST	random_chair	select_random_chair	1690806269463	1690806269534	OK	 
GROUP	random_chair	1690806269462	1690806272107	71	OK
REQUEST	add_chair_to_cart	add_chair_to_cart	1690806272107	1690806272160	OK	 
GROUP	add_chair_to_cart	1690806272107	1690806275633	53	OK
REQUEST	checkout	move_to_checkout	1690806275634	1690806275664	OK	 
REQUEST	checkout	move_to_checkout Redirect 1	1690806275668	1690806275707	OK	 
GROUP	checkout	1690806275633	1690806280129	69	OK
REQUEST	open_cart	click_on_cart	1690806280130	1690806280161	OK	 
GROUP	open_cart	1690806280129	1690806284975	31	OK
USER	add items to cart	END	1690806284977
